{"C:\\Users\\002JBM744\\Videos\\Sadhana\\FullStack_Certificate_2022\\Project\\PMS\\project-management-system\\backend\\app.js": {"path":"C:\\Users\\002JBM744\\Videos\\Sadhana\\FullStack_Certificate_2022\\Project\\PMS\\project-management-system\\backend\\app.js","statementMap":{"0":{"start":{"line":1,"column":16},"end":{"line":1,"column":34}},"1":{"start":{"line":2,"column":19},"end":{"line":2,"column":41}},"2":{"start":{"line":3,"column":21},"end":{"line":3,"column":45}},"3":{"start":{"line":4,"column":13},"end":{"line":4,"column":28}},"4":{"start":{"line":5,"column":15},"end":{"line":5,"column":32}},"5":{"start":{"line":6,"column":13},"end":{"line":6,"column":28}},"6":{"start":{"line":7,"column":19},"end":{"line":7,"column":49}},"7":{"start":{"line":8,"column":22},"end":{"line":8,"column":55}},"8":{"start":{"line":9,"column":27},"end":{"line":9,"column":67}},"9":{"start":{"line":11,"column":12},"end":{"line":11,"column":21}},"10":{"start":{"line":13,"column":0},"end":{"line":15,"column":1}},"11":{"start":{"line":14,"column":2},"end":{"line":14,"column":55}},"12":{"start":{"line":17,"column":0},"end":{"line":32,"column":3}},"13":{"start":{"line":18,"column":2},"end":{"line":18,"column":74}},"14":{"start":{"line":19,"column":2},"end":{"line":19,"column":60}},"15":{"start":{"line":20,"column":2},"end":{"line":23,"column":4}},"16":{"start":{"line":24,"column":2},"end":{"line":27,"column":4}},"17":{"start":{"line":28,"column":2},"end":{"line":30,"column":3}},"18":{"start":{"line":29,"column":2},"end":{"line":29,"column":31}},"19":{"start":{"line":31,"column":2},"end":{"line":31,"column":9}},"20":{"start":{"line":34,"column":0},"end":{"line":34,"column":16}},"21":{"start":{"line":35,"column":0},"end":{"line":35,"column":24}},"22":{"start":{"line":36,"column":0},"end":{"line":36,"column":24}},"23":{"start":{"line":37,"column":0},"end":{"line":37,"column":51}},"24":{"start":{"line":40,"column":0},"end":{"line":40,"column":37}},"25":{"start":{"line":41,"column":0},"end":{"line":41,"column":43}},"26":{"start":{"line":43,"column":0},"end":{"line":43,"column":28}},"27":{"start":{"line":45,"column":0},"end":{"line":45,"column":21}}},"fnMap":{"0":{"name":"(anonymous_0)","decl":{"start":{"line":17,"column":8},"end":{"line":17,"column":9}},"loc":{"start":{"line":17,"column":33},"end":{"line":32,"column":1}},"line":17}},"branchMap":{"0":{"loc":{"start":{"line":13,"column":0},"end":{"line":15,"column":1}},"type":"if","locations":[{"start":{"line":13,"column":0},"end":{"line":15,"column":1}},{"start":{},"end":{}}],"line":13},"1":{"loc":{"start":{"line":28,"column":2},"end":{"line":30,"column":3}},"type":"if","locations":[{"start":{"line":28,"column":2},"end":{"line":30,"column":3}},{"start":{},"end":{}}],"line":28}},"s":{"0":1,"1":1,"2":1,"3":1,"4":1,"5":1,"6":1,"7":1,"8":1,"9":1,"10":1,"11":1,"12":1,"13":0,"14":0,"15":0,"16":0,"17":0,"18":0,"19":0,"20":1,"21":1,"22":1,"23":1,"24":1,"25":1,"26":1,"27":1},"f":{"0":0},"b":{"0":[1,0],"1":[0,0]},"_coverageSchema":"1a1c01bbd47fc00a2c39e90264f33305004495a9","hash":"31d107c45171d2315b4080fce67bdd65aa3b60a6"}
,"C:\\Users\\002JBM744\\Videos\\Sadhana\\FullStack_Certificate_2022\\Project\\PMS\\project-management-system\\backend\\controllers\\AuthController.js": {"path":"C:\\Users\\002JBM744\\Videos\\Sadhana\\FullStack_Certificate_2022\\Project\\PMS\\project-management-system\\backend\\controllers\\AuthController.js","statementMap":{"0":{"start":{"line":1,"column":12},"end":{"line":1,"column":35}},"1":{"start":{"line":2,"column":18},"end":{"line":2,"column":38}},"2":{"start":{"line":3,"column":15},"end":{"line":3,"column":32}},"3":{"start":{"line":4,"column":18},"end":{"line":4,"column":46}},"4":{"start":{"line":5,"column":13},"end":{"line":5,"column":45}},"5":{"start":{"line":6,"column":19},"end":{"line":6,"column":49}},"6":{"start":{"line":7,"column":17},"end":{"line":7,"column":45}},"7":{"start":{"line":9,"column":0},"end":{"line":13,"column":3}},"8":{"start":{"line":10,"column":18},"end":{"line":10,"column":45}},"9":{"start":{"line":12,"column":2},"end":{"line":12,"column":31}},"10":{"start":{"line":15,"column":0},"end":{"line":31,"column":3}},"11":{"start":{"line":16,"column":30},"end":{"line":16,"column":38}},"12":{"start":{"line":18,"column":2},"end":{"line":20,"column":3}},"13":{"start":{"line":19,"column":4},"end":{"line":19,"column":66}},"14":{"start":{"line":22,"column":15},"end":{"line":22,"column":64}},"15":{"start":{"line":24,"column":18},"end":{"line":24,"column":77}},"16":{"start":{"line":26,"column":2},"end":{"line":28,"column":3}},"17":{"start":{"line":27,"column":4},"end":{"line":27,"column":66}},"18":{"start":{"line":30,"column":2},"end":{"line":30,"column":28}},"19":{"start":{"line":33,"column":0},"end":{"line":43,"column":3}},"20":{"start":{"line":34,"column":2},"end":{"line":37,"column":5}},"21":{"start":{"line":39,"column":2},"end":{"line":42,"column":5}},"22":{"start":{"line":45,"column":0},"end":{"line":83,"column":3}},"23":{"start":{"line":47,"column":2},"end":{"line":52,"column":3}},"24":{"start":{"line":51,"column":4},"end":{"line":51,"column":52}},"25":{"start":{"line":54,"column":2},"end":{"line":58,"column":3}},"26":{"start":{"line":55,"column":4},"end":{"line":57,"column":6}},"27":{"start":{"line":60,"column":18},"end":{"line":60,"column":59}},"28":{"start":{"line":63,"column":22},"end":{"line":63,"column":53}},"29":{"start":{"line":64,"column":2},"end":{"line":71,"column":3}},"30":{"start":{"line":65,"column":4},"end":{"line":70,"column":6}},"31":{"start":{"line":74,"column":2},"end":{"line":78,"column":3}},"32":{"start":{"line":75,"column":4},"end":{"line":77,"column":6}},"33":{"start":{"line":81,"column":2},"end":{"line":81,"column":25}},"34":{"start":{"line":82,"column":2},"end":{"line":82,"column":9}},"35":{"start":{"line":85,"column":0},"end":{"line":94,"column":2}},"36":{"start":{"line":86,"column":2},"end":{"line":93,"column":4}},"37":{"start":{"line":87,"column":4},"end":{"line":91,"column":5}},"38":{"start":{"line":88,"column":6},"end":{"line":90,"column":8}},"39":{"start":{"line":92,"column":4},"end":{"line":92,"column":11}}},"fnMap":{"0":{"name":"(anonymous_0)","decl":{"start":{"line":9,"column":28},"end":{"line":9,"column":29}},"loc":{"start":{"line":9,"column":54},"end":{"line":13,"column":1}},"line":9},"1":{"name":"(anonymous_1)","decl":{"start":{"line":15,"column":27},"end":{"line":15,"column":28}},"loc":{"start":{"line":15,"column":53},"end":{"line":31,"column":1}},"line":15},"2":{"name":"(anonymous_2)","decl":{"start":{"line":33,"column":28},"end":{"line":33,"column":29}},"loc":{"start":{"line":33,"column":54},"end":{"line":43,"column":1}},"line":33},"3":{"name":"(anonymous_3)","decl":{"start":{"line":45,"column":29},"end":{"line":45,"column":30}},"loc":{"start":{"line":45,"column":55},"end":{"line":83,"column":1}},"line":45},"4":{"name":"(anonymous_4)","decl":{"start":{"line":85,"column":21},"end":{"line":85,"column":22}},"loc":{"start":{"line":85,"column":35},"end":{"line":94,"column":1}},"line":85},"5":{"name":"(anonymous_5)","decl":{"start":{"line":86,"column":9},"end":{"line":86,"column":10}},"loc":{"start":{"line":86,"column":29},"end":{"line":93,"column":3}},"line":86}},"branchMap":{"0":{"loc":{"start":{"line":18,"column":2},"end":{"line":20,"column":3}},"type":"if","locations":[{"start":{"line":18,"column":2},"end":{"line":20,"column":3}},{"start":{},"end":{}}],"line":18},"1":{"loc":{"start":{"line":18,"column":6},"end":{"line":18,"column":25}},"type":"binary-expr","locations":[{"start":{"line":18,"column":6},"end":{"line":18,"column":12}},{"start":{"line":18,"column":16},"end":{"line":18,"column":25}}],"line":18},"2":{"loc":{"start":{"line":24,"column":18},"end":{"line":24,"column":77}},"type":"binary-expr","locations":[{"start":{"line":24,"column":18},"end":{"line":24,"column":28}},{"start":{"line":24,"column":32},"end":{"line":24,"column":77}}],"line":24},"3":{"loc":{"start":{"line":26,"column":2},"end":{"line":28,"column":3}},"type":"if","locations":[{"start":{"line":26,"column":2},"end":{"line":28,"column":3}},{"start":{},"end":{}}],"line":26},"4":{"loc":{"start":{"line":26,"column":6},"end":{"line":26,"column":23}},"type":"binary-expr","locations":[{"start":{"line":26,"column":6},"end":{"line":26,"column":11}},{"start":{"line":26,"column":15},"end":{"line":26,"column":23}}],"line":26},"5":{"loc":{"start":{"line":47,"column":2},"end":{"line":52,"column":3}},"type":"if","locations":[{"start":{"line":47,"column":2},"end":{"line":52,"column":3}},{"start":{},"end":{}}],"line":47},"6":{"loc":{"start":{"line":48,"column":4},"end":{"line":49,"column":50}},"type":"binary-expr","locations":[{"start":{"line":48,"column":4},"end":{"line":48,"column":29}},{"start":{"line":49,"column":4},"end":{"line":49,"column":50}}],"line":48},"7":{"loc":{"start":{"line":54,"column":2},"end":{"line":58,"column":3}},"type":"if","locations":[{"start":{"line":54,"column":2},"end":{"line":58,"column":3}},{"start":{},"end":{}}],"line":54},"8":{"loc":{"start":{"line":64,"column":2},"end":{"line":71,"column":3}},"type":"if","locations":[{"start":{"line":64,"column":2},"end":{"line":71,"column":3}},{"start":{},"end":{}}],"line":64},"9":{"loc":{"start":{"line":74,"column":2},"end":{"line":78,"column":3}},"type":"if","locations":[{"start":{"line":74,"column":2},"end":{"line":78,"column":3}},{"start":{},"end":{}}],"line":74},"10":{"loc":{"start":{"line":87,"column":4},"end":{"line":91,"column":5}},"type":"if","locations":[{"start":{"line":87,"column":4},"end":{"line":91,"column":5}},{"start":{},"end":{}}],"line":87}},"s":{"0":2,"1":2,"2":2,"3":2,"4":2,"5":2,"6":2,"7":2,"8":0,"9":0,"10":2,"11":2,"12":2,"13":1,"14":2,"15":0,"16":0,"17":0,"18":0,"19":2,"20":1,"21":1,"22":2,"23":2,"24":2,"25":2,"26":1,"27":1,"28":0,"29":0,"30":0,"31":0,"32":0,"33":0,"34":0,"35":2,"36":1,"37":0,"38":0,"39":0},"f":{"0":0,"1":2,"2":1,"3":2,"4":1,"5":0},"b":{"0":[1,1],"1":[2,2],"2":[0,0],"3":[0,0],"4":[0,0],"5":[2,0],"6":[2,2],"7":[1,1],"8":[0,0],"9":[0,0],"10":[0,0]},"_coverageSchema":"1a1c01bbd47fc00a2c39e90264f33305004495a9","hash":"48b1df02d0a79d7fac9f1c37ab461aa50b0b5842"}
,"C:\\Users\\002JBM744\\Videos\\Sadhana\\FullStack_Certificate_2022\\Project\\PMS\\project-management-system\\backend\\controllers\\ErrorController.js": {"path":"C:\\Users\\002JBM744\\Videos\\Sadhana\\FullStack_Certificate_2022\\Project\\PMS\\project-management-system\\backend\\controllers\\ErrorController.js","statementMap":{"0":{"start":{"line":1,"column":17},"end":{"line":1,"column":45}},"1":{"start":{"line":3,"column":26},"end":{"line":6,"column":1}},"2":{"start":{"line":4,"column":18},"end":{"line":4,"column":53}},"3":{"start":{"line":5,"column":2},"end":{"line":5,"column":36}},"4":{"start":{"line":8,"column":32},"end":{"line":12,"column":1}},"5":{"start":{"line":9,"column":16},"end":{"line":9,"column":55}},"6":{"start":{"line":10,"column":18},"end":{"line":10,"column":77}},"7":{"start":{"line":11,"column":2},"end":{"line":11,"column":36}},"8":{"start":{"line":14,"column":32},"end":{"line":18,"column":1}},"9":{"start":{"line":15,"column":17},"end":{"line":15,"column":66}},"10":{"start":{"line":15,"column":55},"end":{"line":15,"column":65}},"11":{"start":{"line":16,"column":18},"end":{"line":16,"column":60}},"12":{"start":{"line":17,"column":2},"end":{"line":17,"column":36}},"13":{"start":{"line":20,"column":21},"end":{"line":27,"column":1}},"14":{"start":{"line":21,"column":2},"end":{"line":26,"column":5}},"15":{"start":{"line":29,"column":22},"end":{"line":42,"column":1}},"16":{"start":{"line":30,"column":2},"end":{"line":41,"column":3}},"17":{"start":{"line":31,"column":4},"end":{"line":34,"column":7}},"18":{"start":{"line":36,"column":4},"end":{"line":36,"column":34}},"19":{"start":{"line":37,"column":4},"end":{"line":40,"column":7}},"20":{"start":{"line":44,"column":0},"end":{"line":61,"column":2}},"21":{"start":{"line":45,"column":2},"end":{"line":45,"column":41}},"22":{"start":{"line":46,"column":2},"end":{"line":46,"column":37}},"23":{"start":{"line":47,"column":2},"end":{"line":47,"column":53}},"24":{"start":{"line":48,"column":2},"end":{"line":60,"column":3}},"25":{"start":{"line":49,"column":4},"end":{"line":49,"column":27}},"26":{"start":{"line":50,"column":9},"end":{"line":60,"column":3}},"27":{"start":{"line":51,"column":16},"end":{"line":51,"column":26}},"28":{"start":{"line":53,"column":4},"end":{"line":53,"column":69}},"29":{"start":{"line":53,"column":36},"end":{"line":53,"column":69}},"30":{"start":{"line":54,"column":4},"end":{"line":54,"column":69}},"31":{"start":{"line":54,"column":30},"end":{"line":54,"column":69}},"32":{"start":{"line":55,"column":4},"end":{"line":57,"column":5}},"33":{"start":{"line":56,"column":6},"end":{"line":56,"column":45}},"34":{"start":{"line":59,"column":4},"end":{"line":59,"column":30}}},"fnMap":{"0":{"name":"(anonymous_0)","decl":{"start":{"line":3,"column":26},"end":{"line":3,"column":27}},"loc":{"start":{"line":3,"column":35},"end":{"line":6,"column":1}},"line":3},"1":{"name":"(anonymous_1)","decl":{"start":{"line":8,"column":32},"end":{"line":8,"column":33}},"loc":{"start":{"line":8,"column":41},"end":{"line":12,"column":1}},"line":8},"2":{"name":"(anonymous_2)","decl":{"start":{"line":14,"column":32},"end":{"line":14,"column":33}},"loc":{"start":{"line":14,"column":41},"end":{"line":18,"column":1}},"line":14},"3":{"name":"(anonymous_3)","decl":{"start":{"line":15,"column":47},"end":{"line":15,"column":48}},"loc":{"start":{"line":15,"column":55},"end":{"line":15,"column":65}},"line":15},"4":{"name":"(anonymous_4)","decl":{"start":{"line":20,"column":21},"end":{"line":20,"column":22}},"loc":{"start":{"line":20,"column":35},"end":{"line":27,"column":1}},"line":20},"5":{"name":"(anonymous_5)","decl":{"start":{"line":29,"column":22},"end":{"line":29,"column":23}},"loc":{"start":{"line":29,"column":36},"end":{"line":42,"column":1}},"line":29},"6":{"name":"(anonymous_6)","decl":{"start":{"line":44,"column":17},"end":{"line":44,"column":18}},"loc":{"start":{"line":44,"column":42},"end":{"line":61,"column":1}},"line":44}},"branchMap":{"0":{"loc":{"start":{"line":30,"column":2},"end":{"line":41,"column":3}},"type":"if","locations":[{"start":{"line":30,"column":2},"end":{"line":41,"column":3}},{"start":{"line":35,"column":9},"end":{"line":41,"column":3}}],"line":30},"1":{"loc":{"start":{"line":45,"column":19},"end":{"line":45,"column":40}},"type":"binary-expr","locations":[{"start":{"line":45,"column":19},"end":{"line":45,"column":33}},{"start":{"line":45,"column":37},"end":{"line":45,"column":40}}],"line":45},"2":{"loc":{"start":{"line":46,"column":15},"end":{"line":46,"column":36}},"type":"binary-expr","locations":[{"start":{"line":46,"column":15},"end":{"line":46,"column":25}},{"start":{"line":46,"column":29},"end":{"line":46,"column":36}}],"line":46},"3":{"loc":{"start":{"line":48,"column":2},"end":{"line":60,"column":3}},"type":"if","locations":[{"start":{"line":48,"column":2},"end":{"line":60,"column":3}},{"start":{"line":50,"column":9},"end":{"line":60,"column":3}}],"line":48},"4":{"loc":{"start":{"line":50,"column":9},"end":{"line":60,"column":3}},"type":"if","locations":[{"start":{"line":50,"column":9},"end":{"line":60,"column":3}},{"start":{},"end":{}}],"line":50},"5":{"loc":{"start":{"line":53,"column":4},"end":{"line":53,"column":69}},"type":"if","locations":[{"start":{"line":53,"column":4},"end":{"line":53,"column":69}},{"start":{},"end":{}}],"line":53},"6":{"loc":{"start":{"line":54,"column":4},"end":{"line":54,"column":69}},"type":"if","locations":[{"start":{"line":54,"column":4},"end":{"line":54,"column":69}},{"start":{},"end":{}}],"line":54},"7":{"loc":{"start":{"line":55,"column":4},"end":{"line":57,"column":5}},"type":"if","locations":[{"start":{"line":55,"column":4},"end":{"line":57,"column":5}},{"start":{},"end":{}}],"line":55}},"s":{"0":1,"1":1,"2":0,"3":0,"4":1,"5":0,"6":0,"7":0,"8":1,"9":0,"10":0,"11":0,"12":0,"13":1,"14":0,"15":1,"16":0,"17":0,"18":0,"19":0,"20":1,"21":0,"22":0,"23":0,"24":0,"25":0,"26":0,"27":0,"28":0,"29":0,"30":0,"31":0,"32":0,"33":0,"34":0},"f":{"0":0,"1":0,"2":0,"3":0,"4":0,"5":0,"6":0},"b":{"0":[0,0],"1":[0,0],"2":[0,0],"3":[0,0],"4":[0,0],"5":[0,0],"6":[0,0],"7":[0,0]},"_coverageSchema":"1a1c01bbd47fc00a2c39e90264f33305004495a9","hash":"4050e79f992fbbca996d4684852a27fa07366cdb"}
,"C:\\Users\\002JBM744\\Videos\\Sadhana\\FullStack_Certificate_2022\\Project\\PMS\\project-management-system\\backend\\controllers\\ProjectController.js": {"path":"C:\\Users\\002JBM744\\Videos\\Sadhana\\FullStack_Certificate_2022\\Project\\PMS\\project-management-system\\backend\\controllers\\ProjectController.js","statementMap":{"0":{"start":{"line":1,"column":16},"end":{"line":1,"column":49}},"1":{"start":{"line":2,"column":19},"end":{"line":2,"column":49}},"2":{"start":{"line":3,"column":20},"end":{"line":3,"column":51}},"3":{"start":{"line":5,"column":0},"end":{"line":13,"column":2}},"4":{"start":{"line":6,"column":2},"end":{"line":11,"column":3}},"5":{"start":{"line":7,"column":4},"end":{"line":10,"column":7}},"6":{"start":{"line":12,"column":2},"end":{"line":12,"column":9}},"7":{"start":{"line":15,"column":0},"end":{"line":23,"column":3}},"8":{"start":{"line":16,"column":23},"end":{"line":16,"column":53}},"9":{"start":{"line":17,"column":4},"end":{"line":22,"column":7}},"10":{"start":{"line":25,"column":0},"end":{"line":41,"column":3}},"11":{"start":{"line":26,"column":21},"end":{"line":30,"column":15}},"12":{"start":{"line":32,"column":19},"end":{"line":32,"column":39}},"13":{"start":{"line":33,"column":0},"end":{"line":33,"column":46}},"14":{"start":{"line":34,"column":2},"end":{"line":40,"column":5}},"15":{"start":{"line":43,"column":0},"end":{"line":52,"column":3}},"16":{"start":{"line":44,"column":18},"end":{"line":44,"column":55}},"17":{"start":{"line":46,"column":2},"end":{"line":51,"column":5}},"18":{"start":{"line":54,"column":0},"end":{"line":67,"column":3}},"19":{"start":{"line":55,"column":2},"end":{"line":55,"column":47}},"20":{"start":{"line":56,"column":18},"end":{"line":59,"column":4}},"21":{"start":{"line":61,"column":2},"end":{"line":66,"column":5}},"22":{"start":{"line":69,"column":0},"end":{"line":76,"column":3}},"23":{"start":{"line":70,"column":2},"end":{"line":70,"column":49}},"24":{"start":{"line":72,"column":2},"end":{"line":75,"column":5}}},"fnMap":{"0":{"name":"(anonymous_0)","decl":{"start":{"line":5,"column":20},"end":{"line":5,"column":21}},"loc":{"start":{"line":5,"column":40},"end":{"line":13,"column":1}},"line":5},"1":{"name":"(anonymous_1)","decl":{"start":{"line":15,"column":35},"end":{"line":15,"column":36}},"loc":{"start":{"line":15,"column":61},"end":{"line":23,"column":1}},"line":15},"2":{"name":"(anonymous_2)","decl":{"start":{"line":25,"column":36},"end":{"line":25,"column":37}},"loc":{"start":{"line":25,"column":62},"end":{"line":41,"column":1}},"line":25},"3":{"name":"(anonymous_3)","decl":{"start":{"line":43,"column":32},"end":{"line":43,"column":33}},"loc":{"start":{"line":43,"column":52},"end":{"line":52,"column":1}},"line":43},"4":{"name":"(anonymous_4)","decl":{"start":{"line":54,"column":35},"end":{"line":54,"column":36}},"loc":{"start":{"line":54,"column":55},"end":{"line":67,"column":1}},"line":54},"5":{"name":"(anonymous_5)","decl":{"start":{"line":69,"column":35},"end":{"line":69,"column":36}},"loc":{"start":{"line":69,"column":55},"end":{"line":76,"column":1}},"line":69}},"branchMap":{"0":{"loc":{"start":{"line":6,"column":2},"end":{"line":11,"column":3}},"type":"if","locations":[{"start":{"line":6,"column":2},"end":{"line":11,"column":3}},{"start":{},"end":{}}],"line":6}},"s":{"0":2,"1":2,"2":2,"3":2,"4":1,"5":1,"6":0,"7":2,"8":1,"9":1,"10":2,"11":0,"12":0,"13":0,"14":0,"15":2,"16":1,"17":1,"18":2,"19":2,"20":2,"21":2,"22":2,"23":1,"24":1},"f":{"0":1,"1":1,"2":0,"3":1,"4":2,"5":1},"b":{"0":[1,0]},"_coverageSchema":"1a1c01bbd47fc00a2c39e90264f33305004495a9","hash":"d31219cf1f644d01610c2ab6f6afbb3db63a83cb"}
,"C:\\Users\\002JBM744\\Videos\\Sadhana\\FullStack_Certificate_2022\\Project\\PMS\\project-management-system\\backend\\controllers\\UserController.js": {"path":"C:\\Users\\002JBM744\\Videos\\Sadhana\\FullStack_Certificate_2022\\Project\\PMS\\project-management-system\\backend\\controllers\\UserController.js","statementMap":{"0":{"start":{"line":1,"column":17},"end":{"line":1,"column":45}},"1":{"start":{"line":2,"column":19},"end":{"line":2,"column":49}},"2":{"start":{"line":3,"column":13},"end":{"line":3,"column":45}},"3":{"start":{"line":5,"column":0},"end":{"line":13,"column":3}},"4":{"start":{"line":6,"column":16},"end":{"line":6,"column":33}},"5":{"start":{"line":8,"column":2},"end":{"line":12,"column":5}},"6":{"start":{"line":15,"column":0},"end":{"line":26,"column":3}},"7":{"start":{"line":16,"column":15},"end":{"line":16,"column":49}},"8":{"start":{"line":18,"column":2},"end":{"line":20,"column":3}},"9":{"start":{"line":19,"column":4},"end":{"line":19,"column":79}},"10":{"start":{"line":22,"column":2},"end":{"line":25,"column":5}},"11":{"start":{"line":28,"column":0},"end":{"line":43,"column":3}},"12":{"start":{"line":29,"column":22},"end":{"line":32,"column":3}},"13":{"start":{"line":34,"column":2},"end":{"line":38,"column":5}},"14":{"start":{"line":40,"column":2},"end":{"line":42,"column":5}},"15":{"start":{"line":45,"column":0},"end":{"line":60,"column":3}},"16":{"start":{"line":46,"column":15},"end":{"line":46,"column":49}},"17":{"start":{"line":48,"column":2},"end":{"line":52,"column":3}},"18":{"start":{"line":49,"column":4},"end":{"line":51,"column":6}},"19":{"start":{"line":54,"column":2},"end":{"line":54,"column":22}},"20":{"start":{"line":56,"column":2},"end":{"line":59,"column":5}}},"fnMap":{"0":{"name":"(anonymous_0)","decl":{"start":{"line":5,"column":33},"end":{"line":5,"column":34}},"loc":{"start":{"line":5,"column":53},"end":{"line":13,"column":1}},"line":5},"1":{"name":"(anonymous_1)","decl":{"start":{"line":15,"column":29},"end":{"line":15,"column":30}},"loc":{"start":{"line":15,"column":49},"end":{"line":26,"column":1}},"line":15},"2":{"name":"(anonymous_2)","decl":{"start":{"line":28,"column":32},"end":{"line":28,"column":33}},"loc":{"start":{"line":28,"column":52},"end":{"line":43,"column":1}},"line":28},"3":{"name":"(anonymous_3)","decl":{"start":{"line":45,"column":32},"end":{"line":45,"column":33}},"loc":{"start":{"line":45,"column":52},"end":{"line":60,"column":1}},"line":45}},"branchMap":{"0":{"loc":{"start":{"line":18,"column":2},"end":{"line":20,"column":3}},"type":"if","locations":[{"start":{"line":18,"column":2},"end":{"line":20,"column":3}},{"start":{},"end":{}}],"line":18},"1":{"loc":{"start":{"line":48,"column":2},"end":{"line":52,"column":3}},"type":"if","locations":[{"start":{"line":48,"column":2},"end":{"line":52,"column":3}},{"start":{},"end":{}}],"line":48}},"s":{"0":2,"1":2,"2":2,"3":2,"4":1,"5":1,"6":2,"7":2,"8":2,"9":0,"10":2,"11":2,"12":1,"13":1,"14":1,"15":2,"16":0,"17":0,"18":0,"19":0,"20":0},"f":{"0":1,"1":2,"2":1,"3":0},"b":{"0":[0,2],"1":[0,0]},"_coverageSchema":"1a1c01bbd47fc00a2c39e90264f33305004495a9","hash":"c0d07f4e72bad419e32e93a14425a6f4be27e61b"}
,"C:\\Users\\002JBM744\\Videos\\Sadhana\\FullStack_Certificate_2022\\Project\\PMS\\project-management-system\\backend\\models\\ProjectModel.js": {"path":"C:\\Users\\002JBM744\\Videos\\Sadhana\\FullStack_Certificate_2022\\Project\\PMS\\project-management-system\\backend\\models\\ProjectModel.js","statementMap":{"0":{"start":{"line":1,"column":17},"end":{"line":1,"column":36}},"1":{"start":{"line":3,"column":22},"end":{"line":38,"column":2}},"2":{"start":{"line":40,"column":16},"end":{"line":40,"column":56}},"3":{"start":{"line":42,"column":0},"end":{"line":42,"column":25}}},"fnMap":{},"branchMap":{},"s":{"0":2,"1":2,"2":2,"3":2},"f":{},"b":{},"_coverageSchema":"1a1c01bbd47fc00a2c39e90264f33305004495a9","hash":"881a85b997934598649c0d1b0f71457915fbc823"}
,"C:\\Users\\002JBM744\\Videos\\Sadhana\\FullStack_Certificate_2022\\Project\\PMS\\project-management-system\\backend\\models\\UserModal.js": {"path":"C:\\Users\\002JBM744\\Videos\\Sadhana\\FullStack_Certificate_2022\\Project\\PMS\\project-management-system\\backend\\models\\UserModal.js","statementMap":{"0":{"start":{"line":1,"column":17},"end":{"line":1,"column":36}},"1":{"start":{"line":2,"column":18},"end":{"line":2,"column":38}},"2":{"start":{"line":3,"column":15},"end":{"line":3,"column":32}},"3":{"start":{"line":4,"column":12},"end":{"line":4,"column":35}},"4":{"start":{"line":6,"column":19},"end":{"line":30,"column":2}},"5":{"start":{"line":32,"column":0},"end":{"line":39,"column":3}},"6":{"start":{"line":33,"column":2},"end":{"line":33,"column":50}},"7":{"start":{"line":33,"column":36},"end":{"line":33,"column":50}},"8":{"start":{"line":35,"column":2},"end":{"line":35,"column":55}},"9":{"start":{"line":41,"column":0},"end":{"line":45,"column":2}},"10":{"start":{"line":42,"column":2},"end":{"line":44,"column":5}},"11":{"start":{"line":47,"column":0},"end":{"line":52,"column":2}},"12":{"start":{"line":51,"column":2},"end":{"line":51,"column":63}},"13":{"start":{"line":54,"column":0},"end":{"line":65,"column":2}},"14":{"start":{"line":55,"column":2},"end":{"line":62,"column":3}},"15":{"start":{"line":56,"column":29},"end":{"line":59,"column":5}},"16":{"start":{"line":60,"column":4},"end":{"line":60,"column":48}},"17":{"start":{"line":61,"column":4},"end":{"line":61,"column":43}},"18":{"start":{"line":64,"column":2},"end":{"line":64,"column":15}},"19":{"start":{"line":67,"column":0},"end":{"line":78,"column":2}},"20":{"start":{"line":68,"column":21},"end":{"line":68,"column":59}},"21":{"start":{"line":70,"column":2},"end":{"line":73,"column":19}},"22":{"start":{"line":75,"column":2},"end":{"line":75,"column":57}},"23":{"start":{"line":77,"column":2},"end":{"line":77,"column":20}},"24":{"start":{"line":80,"column":13},"end":{"line":80,"column":47}},"25":{"start":{"line":82,"column":0},"end":{"line":82,"column":22}}},"fnMap":{"0":{"name":"(anonymous_0)","decl":{"start":{"line":32,"column":23},"end":{"line":32,"column":24}},"loc":{"start":{"line":32,"column":45},"end":{"line":39,"column":1}},"line":32},"1":{"name":"(anonymous_1)","decl":{"start":{"line":41,"column":33},"end":{"line":41,"column":34}},"loc":{"start":{"line":41,"column":45},"end":{"line":45,"column":1}},"line":41},"2":{"name":"(anonymous_2)","decl":{"start":{"line":47,"column":37},"end":{"line":47,"column":38}},"loc":{"start":{"line":50,"column":2},"end":{"line":52,"column":1}},"line":50},"3":{"name":"(anonymous_3)","decl":{"start":{"line":54,"column":42},"end":{"line":54,"column":43}},"loc":{"start":{"line":54,"column":66},"end":{"line":65,"column":1}},"line":54},"4":{"name":"(anonymous_4)","decl":{"start":{"line":67,"column":46},"end":{"line":67,"column":47}},"loc":{"start":{"line":67,"column":58},"end":{"line":78,"column":1}},"line":67}},"branchMap":{"0":{"loc":{"start":{"line":33,"column":2},"end":{"line":33,"column":50}},"type":"if","locations":[{"start":{"line":33,"column":2},"end":{"line":33,"column":50}},{"start":{},"end":{}}],"line":33},"1":{"loc":{"start":{"line":55,"column":2},"end":{"line":62,"column":3}},"type":"if","locations":[{"start":{"line":55,"column":2},"end":{"line":62,"column":3}},{"start":{},"end":{}}],"line":55}},"s":{"0":3,"1":3,"2":3,"3":3,"4":3,"5":3,"6":0,"7":0,"8":0,"9":3,"10":0,"11":3,"12":0,"13":3,"14":0,"15":0,"16":0,"17":0,"18":0,"19":3,"20":0,"21":0,"22":0,"23":0,"24":3,"25":3},"f":{"0":0,"1":0,"2":0,"3":0,"4":0},"b":{"0":[0,0],"1":[0,0]},"_coverageSchema":"1a1c01bbd47fc00a2c39e90264f33305004495a9","hash":"5afaba26a7a12bc0354ab0ae4c7a3299ee647bc9"}
,"C:\\Users\\002JBM744\\Videos\\Sadhana\\FullStack_Certificate_2022\\Project\\PMS\\project-management-system\\backend\\routes\\ProjectRoutes.js": {"path":"C:\\Users\\002JBM744\\Videos\\Sadhana\\FullStack_Certificate_2022\\Project\\PMS\\project-management-system\\backend\\routes\\ProjectRoutes.js","statementMap":{"0":{"start":{"line":1,"column":16},"end":{"line":1,"column":34}},"1":{"start":{"line":3,"column":26},"end":{"line":3,"column":69}},"2":{"start":{"line":4,"column":23},"end":{"line":4,"column":63}},"3":{"start":{"line":6,"column":15},"end":{"line":6,"column":31}},"4":{"start":{"line":8,"column":0},"end":{"line":15,"column":4}},"5":{"start":{"line":17,"column":0},"end":{"line":25,"column":4}},"6":{"start":{"line":27,"column":0},"end":{"line":27,"column":24}}},"fnMap":{},"branchMap":{},"s":{"0":1,"1":1,"2":1,"3":1,"4":1,"5":1,"6":1},"f":{},"b":{},"_coverageSchema":"1a1c01bbd47fc00a2c39e90264f33305004495a9","hash":"68049795cac8d1ea0727a04400a8f74a47898559"}
,"C:\\Users\\002JBM744\\Videos\\Sadhana\\FullStack_Certificate_2022\\Project\\PMS\\project-management-system\\backend\\routes\\UserRoutes.js": {"path":"C:\\Users\\002JBM744\\Videos\\Sadhana\\FullStack_Certificate_2022\\Project\\PMS\\project-management-system\\backend\\routes\\UserRoutes.js","statementMap":{"0":{"start":{"line":1,"column":16},"end":{"line":1,"column":34}},"1":{"start":{"line":3,"column":23},"end":{"line":3,"column":63}},"2":{"start":{"line":4,"column":23},"end":{"line":4,"column":63}},"3":{"start":{"line":6,"column":15},"end":{"line":6,"column":31}},"4":{"start":{"line":8,"column":0},"end":{"line":8,"column":52}},"5":{"start":{"line":9,"column":0},"end":{"line":9,"column":50}},"6":{"start":{"line":10,"column":0},"end":{"line":10,"column":51}},"7":{"start":{"line":15,"column":0},"end":{"line":15,"column":74}},"8":{"start":{"line":17,"column":0},"end":{"line":21,"column":61}},"9":{"start":{"line":23,"column":0},"end":{"line":23,"column":24}}},"fnMap":{},"branchMap":{},"s":{"0":1,"1":1,"2":1,"3":1,"4":1,"5":1,"6":1,"7":1,"8":1,"9":1},"f":{},"b":{},"_coverageSchema":"1a1c01bbd47fc00a2c39e90264f33305004495a9","hash":"4b4ec273751ef93dc4ad5ed86b0f9997a0fecdff"}
,"C:\\Users\\002JBM744\\Videos\\Sadhana\\FullStack_Certificate_2022\\Project\\PMS\\project-management-system\\backend\\utils\\apiFeatures.js": {"path":"C:\\Users\\002JBM744\\Videos\\Sadhana\\FullStack_Certificate_2022\\Project\\PMS\\project-management-system\\backend\\utils\\apiFeatures.js","statementMap":{"0":{"start":{"line":3,"column":4},"end":{"line":3,"column":23}},"1":{"start":{"line":4,"column":4},"end":{"line":4,"column":35}},"2":{"start":{"line":8,"column":21},"end":{"line":8,"column":44}},"3":{"start":{"line":9,"column":27},"end":{"line":9,"column":62}},"4":{"start":{"line":10,"column":4},"end":{"line":10,"column":56}},"5":{"start":{"line":10,"column":35},"end":{"line":10,"column":54}},"6":{"start":{"line":12,"column":19},"end":{"line":12,"column":43}},"7":{"start":{"line":14,"column":4},"end":{"line":14,"column":76}},"8":{"start":{"line":14,"column":65},"end":{"line":14,"column":74}},"9":{"start":{"line":16,"column":4},"end":{"line":16,"column":55}},"10":{"start":{"line":18,"column":4},"end":{"line":18,"column":16}},"11":{"start":{"line":22,"column":4},"end":{"line":27,"column":5}},"12":{"start":{"line":23,"column":21},"end":{"line":23,"column":63}},"13":{"start":{"line":24,"column":6},"end":{"line":24,"column":30}},"14":{"start":{"line":26,"column":6},"end":{"line":26,"column":24}},"15":{"start":{"line":28,"column":4},"end":{"line":28,"column":16}},"16":{"start":{"line":32,"column":4},"end":{"line":35,"column":5}},"17":{"start":{"line":33,"column":21},"end":{"line":33,"column":65}},"18":{"start":{"line":34,"column":6},"end":{"line":34,"column":45}},"19":{"start":{"line":36,"column":4},"end":{"line":36,"column":16}},"20":{"start":{"line":40,"column":17},"end":{"line":40,"column":47}},"21":{"start":{"line":41,"column":18},"end":{"line":41,"column":51}},"22":{"start":{"line":42,"column":17},"end":{"line":42,"column":35}},"23":{"start":{"line":44,"column":4},"end":{"line":44,"column":52}},"24":{"start":{"line":50,"column":4},"end":{"line":50,"column":16}},"25":{"start":{"line":53,"column":0},"end":{"line":53,"column":29}}},"fnMap":{"0":{"name":"(anonymous_0)","decl":{"start":{"line":2,"column":2},"end":{"line":2,"column":3}},"loc":{"start":{"line":2,"column":34},"end":{"line":5,"column":3}},"line":2},"1":{"name":"(anonymous_1)","decl":{"start":{"line":7,"column":2},"end":{"line":7,"column":3}},"loc":{"start":{"line":7,"column":11},"end":{"line":19,"column":3}},"line":7},"2":{"name":"(anonymous_2)","decl":{"start":{"line":10,"column":27},"end":{"line":10,"column":28}},"loc":{"start":{"line":10,"column":35},"end":{"line":10,"column":54}},"line":10},"3":{"name":"(anonymous_3)","decl":{"start":{"line":14,"column":56},"end":{"line":14,"column":57}},"loc":{"start":{"line":14,"column":65},"end":{"line":14,"column":74}},"line":14},"4":{"name":"(anonymous_4)","decl":{"start":{"line":21,"column":2},"end":{"line":21,"column":3}},"loc":{"start":{"line":21,"column":9},"end":{"line":29,"column":3}},"line":21},"5":{"name":"(anonymous_5)","decl":{"start":{"line":31,"column":2},"end":{"line":31,"column":3}},"loc":{"start":{"line":31,"column":16},"end":{"line":37,"column":3}},"line":31},"6":{"name":"(anonymous_6)","decl":{"start":{"line":39,"column":2},"end":{"line":39,"column":3}},"loc":{"start":{"line":39,"column":13},"end":{"line":51,"column":3}},"line":39}},"branchMap":{"0":{"loc":{"start":{"line":22,"column":4},"end":{"line":27,"column":5}},"type":"if","locations":[{"start":{"line":22,"column":4},"end":{"line":27,"column":5}},{"start":{"line":25,"column":11},"end":{"line":27,"column":5}}],"line":22},"1":{"loc":{"start":{"line":32,"column":4},"end":{"line":35,"column":5}},"type":"if","locations":[{"start":{"line":32,"column":4},"end":{"line":35,"column":5}},{"start":{},"end":{}}],"line":32},"2":{"loc":{"start":{"line":40,"column":17},"end":{"line":40,"column":47}},"type":"binary-expr","locations":[{"start":{"line":40,"column":17},"end":{"line":40,"column":42}},{"start":{"line":40,"column":46},"end":{"line":40,"column":47}}],"line":40},"3":{"loc":{"start":{"line":41,"column":18},"end":{"line":41,"column":51}},"type":"binary-expr","locations":[{"start":{"line":41,"column":18},"end":{"line":41,"column":44}},{"start":{"line":41,"column":48},"end":{"line":41,"column":51}}],"line":41}},"s":{"0":0,"1":0,"2":0,"3":0,"4":0,"5":0,"6":0,"7":0,"8":0,"9":0,"10":0,"11":0,"12":0,"13":0,"14":0,"15":0,"16":0,"17":0,"18":0,"19":0,"20":0,"21":0,"22":0,"23":0,"24":0,"25":2},"f":{"0":0,"1":0,"2":0,"3":0,"4":0,"5":0,"6":0},"b":{"0":[0,0],"1":[0,0],"2":[0,0],"3":[0,0]},"_coverageSchema":"1a1c01bbd47fc00a2c39e90264f33305004495a9","hash":"efa13f2ca5102c2fef318e240132c9fc180251b2"}
,"C:\\Users\\002JBM744\\Videos\\Sadhana\\FullStack_Certificate_2022\\Project\\PMS\\project-management-system\\backend\\utils\\appError.js": {"path":"C:\\Users\\002JBM744\\Videos\\Sadhana\\FullStack_Certificate_2022\\Project\\PMS\\project-management-system\\backend\\utils\\appError.js","statementMap":{"0":{"start":{"line":3,"column":4},"end":{"line":3,"column":19}},"1":{"start":{"line":4,"column":4},"end":{"line":4,"column":33}},"2":{"start":{"line":5,"column":4},"end":{"line":5,"column":69}},"3":{"start":{"line":6,"column":4},"end":{"line":6,"column":30}},"4":{"start":{"line":7,"column":4},"end":{"line":7,"column":52}},"5":{"start":{"line":10,"column":0},"end":{"line":10,"column":26}}},"fnMap":{"0":{"name":"(anonymous_0)","decl":{"start":{"line":2,"column":2},"end":{"line":2,"column":3}},"loc":{"start":{"line":2,"column":35},"end":{"line":8,"column":3}},"line":2}},"branchMap":{"0":{"loc":{"start":{"line":5,"column":18},"end":{"line":5,"column":68}},"type":"cond-expr","locations":[{"start":{"line":5,"column":52},"end":{"line":5,"column":58}},{"start":{"line":5,"column":61},"end":{"line":5,"column":68}}],"line":5}},"s":{"0":2,"1":2,"2":2,"3":2,"4":2,"5":3},"f":{"0":2},"b":{"0":[2,0]},"_coverageSchema":"1a1c01bbd47fc00a2c39e90264f33305004495a9","hash":"ebdcfc63e7b9faf0620ee964b223cdabaa7baddd"}
,"C:\\Users\\002JBM744\\Videos\\Sadhana\\FullStack_Certificate_2022\\Project\\PMS\\project-management-system\\backend\\utils\\catchAsync.js": {"path":"C:\\Users\\002JBM744\\Videos\\Sadhana\\FullStack_Certificate_2022\\Project\\PMS\\project-management-system\\backend\\utils\\catchAsync.js","statementMap":{"0":{"start":{"line":1,"column":0},"end":{"line":5,"column":2}},"1":{"start":{"line":2,"column":2},"end":{"line":4,"column":4}},"2":{"start":{"line":3,"column":4},"end":{"line":3,"column":35}}},"fnMap":{"0":{"name":"(anonymous_0)","decl":{"start":{"line":1,"column":17},"end":{"line":1,"column":18}},"loc":{"start":{"line":1,"column":25},"end":{"line":5,"column":1}},"line":1},"1":{"name":"(anonymous_1)","decl":{"start":{"line":2,"column":9},"end":{"line":2,"column":10}},"loc":{"start":{"line":2,"column":29},"end":{"line":4,"column":3}},"line":2}},"branchMap":{},"s":{"0":4,"1":26,"2":14},"f":{"0":26,"1":14},"b":{},"_coverageSchema":"1a1c01bbd47fc00a2c39e90264f33305004495a9","hash":"3a52198a86c90b42b24473633af4e0ebb8baedf0"}
,"C:\\Users\\002JBM744\\Videos\\Sadhana\\FullStack_Certificate_2022\\Project\\PMS\\project-management-system\\backend\\utils\\jwtToken.js": {"path":"C:\\Users\\002JBM744\\Videos\\Sadhana\\FullStack_Certificate_2022\\Project\\PMS\\project-management-system\\backend\\utils\\jwtToken.js","statementMap":{"0":{"start":{"line":1,"column":18},"end":{"line":19,"column":1}},"1":{"start":{"line":2,"column":16},"end":{"line":2,"column":34}},"2":{"start":{"line":4,"column":18},"end":{"line":9,"column":3}},"3":{"start":{"line":11,"column":2},"end":{"line":18,"column":5}},"4":{"start":{"line":21,"column":0},"end":{"line":21,"column":27}}},"fnMap":{"0":{"name":"(anonymous_0)","decl":{"start":{"line":1,"column":18},"end":{"line":1,"column":19}},"loc":{"start":{"line":1,"column":45},"end":{"line":19,"column":1}},"line":1}},"branchMap":{},"s":{"0":2,"1":0,"2":0,"3":0,"4":2},"f":{"0":0},"b":{},"_coverageSchema":"1a1c01bbd47fc00a2c39e90264f33305004495a9","hash":"a3ea01efd3ac2b906b515fbeab44a2008643d4de"}
}
